make.exe all --print-data-base --no-builtin-variables --no-builtin-rules --question
# GNU Make 4.2.1
# Built for x86_64-w64-mingw32
# Copyright (C) 1988-2016 Free Software Foundation, Inc.
# License GPLv3+: GNU GPL version 3 or later <http://gnu.org/licenses/gpl.html>
# This is free software: you are free to change and redistribute it.
# There is NO WARRANTY, to the extent permitted by law.

# Make data base, printed on Thu Jul 21 10:55:09 2022

# Variables

# 'override' directive
GNUMAKEFLAGS := 
# automatic
<D = $(patsubst %/,%,$(patsubst %\,%,$(dir $<)))
# automatic
?F = $(notdir $?)
# default
.SHELLFLAGS := -c
# makefile (from 'Makefile', line 159)
LDSCRIPT = STM32L051K8Tx_FLASH.ld
# makefile
MAKEFLAGS = pqrR
# makefile (from 'Makefile', line 16)
TARGET = stm32l051k8t6_oled
# automatic
?D = $(patsubst %/,%,$(patsubst %\,%,$(dir $?)))
# makefile (from 'Makefile', line 109)
AS_DEFS = 
# makefile (from 'Makefile', line 129)
AS_INCLUDES = 
# automatic
@D = $(patsubst %/,%,$(patsubst %\,%,$(dir $@)))
# environment
HOMEDRIVE = C:
# automatic
@F = $(notdir $@)
# automatic
^D = $(patsubst %/,%,$(patsubst %\,%,$(dir $^)))
# makefile
CURDIR := d:/src/0_examples/STM32/stm32l051k8t6_oled
# default
SHELL := sh.exe
# makefile (from 'Makefile', line 90)
BIN = $(CP) -O binary -S
# environment
SDD_VCD = camcad
# environment
WINDIR = C:\WINDOWS
# environment
VSCODE_NLS_CONFIG = {"locale":"zh-cn","availableLanguages":{"*":"zh-cn"},"_languagePackId":"1d735750dbb1b9066c7513078396ba0f.zh-cn","_translationsConfigFile":"C:\\Users\\wenhuafeng\\AppData\\Roaming\\Code\\clp\\1d735750dbb1b9066c7513078396ba0f.zh-cn\\tcf.json","_cacheRoot":"C:\\Users\\wenhuafeng\\AppData\\Roaming\\Code\\clp\\1d735750dbb1b9066c7513078396ba0f.zh-cn","_resolvedLanguagePackCoreLocation":"C:\\Users\\wenhuafeng\\AppData\\Roaming\\Code\\clp\\1d735750dbb1b9066c7513078396ba0f.zh-cn\\3b889b090b5ad5793f524b5d1d39fda662b96a2a","_corruptedFile":"C:\\Users\\wenhuafeng\\AppData\\Roaming\\Code\\clp\\1d735750dbb1b9066c7513078396ba0f.zh-cn\\corrupted.info","_languagePackSupport":true}
# makefile (from 'Makefile', line 87)
SZ = $(PREFIX)size
# environment
VBOX_MSI_INSTALL_PATH = D:\Program Files\Oracle\VirtualBox\
# makefile (from 'Makefile', line 152)
CFLAGS = $(MCU) $(C_DEFS) $(C_INCLUDES) $(OPT) -Wall -fdata-sections -ffunction-sections -g -gdwarf-2 -MMD -MP -MF"$(@:%.o=%.d)"
# environment
ONEDRIVE = C:\Users\wenhuafeng\OneDrive
# environment
PADS_PROGRAMS = Programs
# environment
PATHEXT = .COM;.EXE;.BAT;.CMD;.VBS;.VBE;.JS;.JSE;.WSF;.WSH;.MSC;.PY;.PYW
# makefile (from 'build/stm32l0xx_ll_spi.d', line 1)
MAKEFILE_LIST :=  Makefile build/fonts.d build/rtc.d build/ssd1306.d build/stm32l0xx_ll_pwr.d build/stm32l0xx_ll_rcc.d build/main.d build/stm32l0xx_ll_utils.d build/stm32l0xx_it.d build/gpio.d build/spi.d build/clock.d build/stm32l0xx_ll_adc.d build/common.d build/stm32l0xx_ll_usart.d build/stm32l0xx_ll_i2c.d build/stm32l0xx_ll_rtc.d build/display.d build/usart.d build/ssd1306_iic_hw.d build/stm32l0xx_ll_exti.d build/ssd1306_iic_sw.d build/adc.d build/stm32l0xx_ll_dma.d build/i2c.d build/stm32l0xx_ll_gpio.d build/system_stm32l0xx.d build/stm32l0xx_ll_spi.d
# environment
FPS_BROWSER_USER_PROFILE_STRING = Default
# makefile (from 'Makefile', line 86)
CP = $(PREFIX)objcopy
# makefile (from 'Makefile', line 23)
DEBUG = 1
# environment
TMP = C:\Users\WENHUA~1\AppData\Local\Temp
# makefile (from 'Makefile', line 85)
AS = $(PREFIX)gcc -x assembler-with-cpp
# environment
SDD_WG = wg
# environment
SDD_START = start
# environment
SDD_LOCAL = C:\ProgramData\mgc\win32\9.5PADS
# environment
PROGRAMW6432 = C:\Program Files
# environment
SDD_HLX = hlx
# environment
PROGRAMDATA = C:\ProgramData
# environment
VSCODE_CWD = D:\Program Files\Microsoft VS Code
# environment
SDD_PADS = pads
# default
MAKE_HOST := x86_64-w64-mingw32
# environment
PATH = D:\MentorGraphics\9.5PADS\SDD_HOME\common\win32\bin;D:\MentorGraphics\9.5PADS\SDD_HOME\common\win32\lib;D:\MentorGraphics\9.5PADS\MGC_HOME.ixn\bin;D:\MentorGraphics\9.5PADS\MGC_HOME.ixn\lib;D:\Program Files\Python\Python310\Scripts\;D:\Program Files\Python\Python310\;D:\Program Files (x86)\STMicroelectronics\st_toolset\asm;C:\Program Files (x86)\Common Files\Oracle\Java\javapath;C:\WINDOWS\system32;C:\WINDOWS;C:\WINDOWS\System32\Wbem;C:\WINDOWS\System32\WindowsPowerShell\v1.0\;C:\WINDOWS\System32\OpenSSH\;D:\Program Files\PuTTY\;D:\Program Files\Git\cmd;D:\Program Files\CMake\bin;D:\Program Files\OpenOCD-20211118-0.11.0\bin;D:\Program Files\TortoiseGit\bin;D:\Program Files (x86)\Nordic Semiconductor\nrf-command-line-tools\bin\;D:\Program Files\mingw-w64\x86_64-8.1.0-win32-sjlj-rt_v6-rev0\mingw64\bin;C:\Program Files (x86)\stlink\bin;C:\Program Files\stlink\bin;D:\Program Files\Python\Python310;D:\Espressif\python_env\idf4.4_py3.8_env\Scripts;D:\Program Files\cloc;D:\Keil_v5\UV4;C:\Program Files (x86)\SEGGER\JLink;D:\Program Files\GitHub CLI\;D:\Program Files (x86)\GNU Arm Embedded Toolchain\10 2021.10\bin;C:\Users\wenhuafeng\AppData\Local\Microsoft\WindowsApps;D:\Program Files\Microsoft VS Code\bin;D:\MentorGraphics\9.5PADS\SDD_HOME\common\win32\lib;D:\MentorGraphics\9.5PADS\SDD_HOME\CAMCAD
# environment
SDD_TRN = translators
# environment
SDD_PLATFORM = win32
# environment
COMMONPROGRAMW6432 = C:\Program Files\Common Files
# environment
PROCESSOR_ARCHITECTURE = AMD64
# environment
USERPROFILE = C:\Users\wenhuafeng
# environment
HYP_HOME = D:\MentorGraphics\9.5PADS\SDD_HOME\hyperlynx
# environment
ALLUSERSPROFILE = C:\ProgramData
# environment
NUMBER_OF_PROCESSORS = 12
# environment
ELECTRON_RUN_AS_NODE = 1
# makefile (from 'Makefile', line 164)
LDFLAGS = $(MCU) -specs=nano.specs -T$(LDSCRIPT) $(LIBDIR) $(LIBS) -Wl,-Map=$(BUILD_DIR)/$(TARGET).map,--cref -Wl,--gc-sections
# default
.FEATURES := target-specific order-only second-expansion else-if shortest-stem undefine oneshell archives jobserver output-sync
# automatic
%F = $(notdir $%)
# environment
PADS_ROOT = D:\MentorGraphics\9.5PADS\SDD_HOME
# environment
CHROME_CRASHPAD_PIPE_NAME = \\.\pipe\crashpad_7592_ZIKMAFYIZEEDPHBI
# environment
MGC_HOME = D:\MentorGraphics\9.5PADS\MGC_HOME.ixn
# makefile (from 'Makefile', line 68)
ASM_SOURCES = startup_stm32l051xx.s
# makefile (from 'Makefile', line 25)
OPT = -Og
# environment
COMPUTERNAME = LAPTOP-PRAVS7GT
# environment
PROGRAMFILES = C:\Program Files
# default
.LOADED := 
# environment
DRIVERDATA = C:\Windows\System32\Drivers\DriverData
# environment
ORIGINAL_XDG_CURRENT_DESKTOP = undefined
# environment
USERNAME = wenhuafeng
# environment
MGLS_LICENSE_FILE = D:\MentorGraphics\LICENSE.TXT
# environment
PUBLIC = C:\Users\Public
# environment
SDD_VERSION = 9.5PADS
# environment
VSCODE_AMD_ENTRYPOINT = vs/workbench/api/node/extensionHostProcess
# environment
VSCODE_CODE_CACHE_PATH = C:\Users\wenhuafeng\AppData\Roaming\Code\CachedData\3b889b090b5ad5793f524b5d1d39fda662b96a2a
# environment
APPLICATION_INSIGHTS_NO_DIAGNOSTIC_CHANNEL = true
# environment
COMMONPROGRAMFILES = C:\Program Files\Common Files
# environment
LOGONSERVER = \\LAPTOP-PRAVS7GT
# automatic
+F = $(notdir $+)
# makefile (from 'Makefile', line 75)
PREFIX = arm-none-eabi-
# environment
ONEDRIVECONSUMER = C:\Users\wenhuafeng\OneDrive
# environment
VSCODE_HANDLES_UNCAUGHT_ERRORS = true
# environment
USERDOMAIN = LAPTOP-PRAVS7GT
# environment
SDD_DOC_UTILS = doc_utils
# environment
SDD_COMMON_BIN = D:\MentorGraphics\9.5PADS\SDD_HOME\common\win32\bin
# makefile (from 'Makefile', line 112)
C_DEFS = -DUSE_FULL_LL_DRIVER -DHSE_VALUE=8000000 -DHSE_STARTUP_TIMEOUT=100 -DLSE_STARTUP_TIMEOUT=5000 -DLSE_VALUE=32768 -DMSI_VALUE=2097000 -DHSI_VALUE=16000000 -DLSI_VALUE=37000 -DVDD_VALUE=3300 -DPREFETCH_ENABLE=0 -DINSTRUCTION_CACHE_ENABLE=1 -DDATA_CACHE_ENABLE=1 -DSTM32L051xx
# environment
MAKELEVEL := 0
# makefile (from 'Makefile', line 105)
MCU = $(CPU) -mthumb $(FPU) $(FLOAT-ABI)
# makefile (from 'Makefile', line 132)
C_INCLUDES = -ICore/Inc -IDrivers/STM32L0xx_HAL_Driver/Inc -IDrivers/CMSIS/Device/ST/STM32L0xx/Include -IDrivers/CMSIS/Include -Iuser/clock -Iuser/common -Iuser/oled
# default
MAKE = $(MAKE_COMMAND)
# default
MAKECMDGOALS := all
# environment
SDD_HOME = D:\MentorGraphics\9.5PADS\SDD_HOME
# makefile (from 'Makefile', line 89)
HEX = $(CP) -O ihex
# makefile (from 'Makefile', line 84)
CC = $(PREFIX)gcc
# makefile (from 'Makefile', line 32)
BUILD_DIR = build
# makefile (from 'Makefile', line 142)
ASFLAGS = $(MCU) $(AS_DEFS) $(AS_INCLUDES) $(OPT) -Wall -fdata-sections -ffunction-sections
# default
MAKE_VERSION := 4.2.1
# makefile
.DEFAULT_GOAL := all
# environment
PROGRAMFILES(X86) = C:\Program Files (x86)
# automatic
%D = $(patsubst %/,%,$(patsubst %\,%,$(dir $%)))
# makefile (from 'Makefile', line 96)
CPU = -mcpu=cortex-m0plus
# environment
SDD_STARTBAT = start /b /wait
# environment
LOCALAPPDATA = C:\Users\wenhuafeng\AppData\Local
# environment
PSMODULEPATH = C:\Program Files\WindowsPowerShell\Modules;C:\WINDOWS\system32\WindowsPowerShell\v1.0\Modules
# default
MAKE_COMMAND := make.exe
# makefile (from 'Makefile', line 163)
LIBDIR = 
# environment
SDD_HSSD = hssd
# default
.VARIABLES := 
# automatic
*F = $(notdir $*)
# environment
PROCESSOR_IDENTIFIER = AMD64 Family 23 Model 96 Stepping 1, AuthenticAMD
# environment
OS = Windows_NT
# environment
VSCODE_IPC_HOOK = \\.\pipe\d0f9ff90f2b0f15191b4ed40651aea96-1.69.2-main-sock
# environment
HOMEPATH = \Users\wenhuafeng
# environment
COMMONPROGRAMFILES(X86) = C:\Program Files (x86)\Common Files
# environment
PROMPT = $P$G
# environment
MFLAGS = -pqrR
# automatic
*D = $(patsubst %/,%,$(patsubst %\,%,$(dir $*)))
# environment
WDIR = C:\PADS Projects;D:\MentorGraphics\9.5PADS\SDD_HOME\standard
# environment
SYSTEMROOT = C:\WINDOWS
# automatic
+D = $(patsubst %/,%,$(patsubst %\,%,$(dir $+)))
# environment
SDD_WV = wv
# environment
SDD_MGC_HOME = ..\MGC_HOME.ixn
# environment
APPDATA = C:\Users\wenhuafeng\AppData\Roaming
# environment
TEMP = C:\Users\WENHUA~1\AppData\Local\Temp
# environment
COMSPEC = C:\WINDOWS\system32\cmd.exe
# default
MAKEFILES := 
# environment
IDF_TOOLS_PATH = D:\Espressif
# environment
SDD_ICDB = iCDB
# environment
WF_CLASSPATH = D:\MentorGr 
aphics\9.5PADS\SDD_HOME\common\win32\lib
# environment
SDD_CES = ces
# automatic
<F = $(notdir $<)
# environment
LC_ALL = C
# makefile (from 'Makefile', line 162)
LIBS = -lc -lm -lnosys
# automatic
^F = $(notdir $^)
# makefile (from 'Makefile', line 38)
C_SOURCES = Core/Src/main.c Core/Src/gpio.c Core/Src/adc.c Core/Src/i2c.c Core/Src/rtc.c Core/Src/spi.c Core/Src/usart.c Core/Src/stm32l0xx_it.c Drivers/STM32L0xx_HAL_Driver/Src/stm32l0xx_ll_gpio.c Drivers/STM32L0xx_HAL_Driver/Src/stm32l0xx_ll_adc.c Drivers/STM32L0xx_HAL_Driver/Src/stm32l0xx_ll_dma.c Drivers/STM32L0xx_HAL_Driver/Src/stm32l0xx_ll_rcc.c Drivers/STM32L0xx_HAL_Driver/Src/stm32l0xx_ll_utils.c Drivers/STM32L0xx_HAL_Driver/Src/stm32l0xx_ll_exti.c Drivers/STM32L0xx_HAL_Driver/Src/stm32l0xx_ll_i2c.c Drivers/STM32L0xx_HAL_Driver/Src/stm32l0xx_ll_rtc.c Drivers/STM32L0xx_HAL_Driver/Src/stm32l0xx_ll_spi.c Drivers/STM32L0xx_HAL_Driver/Src/stm32l0xx_ll_pwr.c Drivers/STM32L0xx_HAL_Driver/Src/stm32l0xx_ll_usart.c Core/Src/system_stm32l0xx.c user/clock/clock.c user/common/common.c user/oled/display.c user/oled/fonts.c user/oled/ssd1306_iic_hw.c user/oled/ssd1306_iic_sw.c user/oled/ssd1306.c
# default
SUFFIXES := 
# environment
SYSTEMDRIVE = C:
# environment
SESSIONNAME = Console
# environment
PROCESSOR_REVISION = 6001
# default
.RECIPEPREFIX := 
# makefile (from 'Makefile', line 177)
OBJECTS = $(addprefix $(BUILD_DIR)/,$(notdir $(C_SOURCES:.c=.o))) $(addprefix $(BUILD_DIR)/,$(notdir $(ASM_SOURCES:.s=.o)))
# environment
LANG = C
# environment
PROCESSOR_LEVEL = 23
# environment
FPS_BROWSER_APP_PROFILE_STRING = Internet Explorer
# environment
VSCODE_PID = 7592
# environment
USERDOMAIN_ROAMINGPROFILE = LAPTOP-PRAVS7GT
# variable set hash-table stats:
# Load=141/1024=14%, Rehash=0, Collisions=21/266=8%

# Pattern-specific Variable Values

# No pattern-specific variable values.

# Directories

# . (key d:/src/0_examples/STM32/stm32l051k8t6_oled, mtime 1658372082): 17 files, no impossibilities.
# Drivers/STM32L0xx_HAL_Driver/Src (key d:/src/0_examples/STM32/stm32l051k8t6_oled/Drivers/STM32L0xx_HAL_Driver/Src, mtime 1658329777): 13 files, no impossibilities.
# build (key d:/src/0_examples/STM32/stm32l051k8t6_oled/build, mtime 1658372084): 79 files, no impossibilities.
# user/common (key d:/src/0_examples/STM32/stm32l051k8t6_oled/user/common, mtime 1658219457): No files, no impossibilities so far.
# Core/Src (key d:/src/0_examples/STM32/stm32l051k8t6_oled/Core/Src, mtime 1658329776): 11 files, no impossibilities.
# user/oled (key d:/src/0_examples/STM32/stm32l051k8t6_oled/user/oled, mtime 1658369465): No files, no impossibilities so far.
# user/clock (key d:/src/0_examples/STM32/stm32l051k8t6_oled/user/clock, mtime 1658371675): No files, no impossibilities so far.

# 120 files, no impossibilities in 7 directories.

# Implicit Rules

build/%.o: %.c Makefile | build
#  recipe to execute (from 'Makefile', line 181):
	$(CC) -c $(CFLAGS) -Wa,-a,-ad,-alms=$(BUILD_DIR)/$(notdir $(<:.c=.lst)) $< -o $@

build/%.o: %.s Makefile | build
#  recipe to execute (from 'Makefile', line 184):
	$(AS) -c $(CFLAGS) $< -o $@

build/%.hex: build/%.elf | build
#  recipe to execute (from 'Makefile', line 191):
	$(HEX) $< $@

build/%.bin: build/%.elf | build
#  recipe to execute (from 'Makefile', line 194):
	$(BIN) $< $@

# 4 implicit rules, 0 (0.0%) terminal.

# Files

Drivers/STM32L0xx_HAL_Driver/Inc/stm32l0xx_ll_exti.h:
#  Implicit rule search has been done.
#  Last modified 2021-08-09 19:29:58
#  File has been updated.
#  Successfully updated.

# Not a target:
user/oled/ssd1306.c:
#  Implicit rule search has not been done.
#  Modification time never checked.
#  File has not been updated.

# Not a target:
Core/Src/gpio.c:
#  Implicit rule search has been done.
#  Last modified 2022-07-17 07:27:18
#  File has been updated.
#  Successfully updated.

Drivers/STM32L0xx_HAL_Driver/Inc/stm32l0xx_ll_cortex.h:
#  Implicit rule search has been done.
#  Last modified 2021-08-09 19:29:58
#  File has been updated.
#  Successfully updated.

# Not a target:
Drivers/STM32L0xx_HAL_Driver/Src/stm32l0xx_ll_rcc.c:
#  Implicit rule search has been done.
#  Last modified 2021-08-09 19:29:58
#  File has been updated.
#  Successfully updated.

user/oled/fonts.h:
#  Implicit rule search has not been done.
#  Modification time never checked.
#  File has not been updated.

# Not a target:
build/stm32l0xx_ll_utils.d:
#  Implicit rule search has been done.
#  Last modified 2022-07-21 10:54:43
#  File has been updated.
#  Successfully updated.

# Not a target:
build/gpio.d:
#  Implicit rule search has been done.
#  Last modified 2022-07-21 10:54:42
#  File has been updated.
#  Successfully updated.

build/ssd1306.o: user/oled/ssd1306.c Core/Inc/main.h Drivers/STM32L0xx_HAL_Driver/Inc/stm32l0xx_ll_adc.h Drivers/CMSIS/Device/ST/STM32L0xx/Include/stm32l0xx.h Drivers/CMSIS/Device/ST/STM32L0xx/Include/stm32l051xx.h Drivers/CMSIS/Include/core_cm0plus.h Drivers/CMSIS/Include/cmsis_version.h Drivers/CMSIS/Include/cmsis_compiler.h Drivers/CMSIS/Include/cmsis_gcc.h Drivers/CMSIS/Include/mpu_armv7.h Drivers/CMSIS/Device/ST/STM32L0xx/Include/system_stm32l0xx.h Drivers/STM32L0xx_HAL_Driver/Inc/stm32l0xx_ll_i2c.h Drivers/STM32L0xx_HAL_Driver/Inc/stm32l0xx_ll_crs.h Drivers/STM32L0xx_HAL_Driver/Inc/stm32l0xx_ll_rcc.h Drivers/STM32L0xx_HAL_Driver/Inc/stm32l0xx_ll_bus.h Drivers/STM32L0xx_HAL_Driver/Inc/stm32l0xx_ll_system.h Drivers/STM32L0xx_HAL_Driver/Inc/stm32l0xx_ll_exti.h Drivers/STM32L0xx_HAL_Driver/Inc/stm32l0xx_ll_cortex.h Drivers/STM32L0xx_HAL_Driver/Inc/stm32l0xx_ll_utils.h Drivers/STM32L0xx_HAL_Driver/Inc/stm32l0xx_ll_pwr.h Drivers/STM32L0xx_HAL_Driver/Inc/stm32l0xx_ll_dma.h Drivers/STM32L0xx_HAL_Driver/Inc/stm32l0xx_ll_rtc.h Drivers/STM32L0xx_HAL_Driver/Inc/stm32l0xx_ll_spi.h Drivers/STM32L0xx_HAL_Driver/Inc/stm32l0xx_ll_usart.h Drivers/STM32L0xx_HAL_Driver/Inc/stm32l0xx_ll_gpio.h user/oled/ssd1306.h user/oled/fonts.h user/oled/ssd1306_iic.h
#  Implicit rule search has not been done.
#  Modification time never checked.
#  File has not been updated.

build/main.o: Core/Src/main.c Makefile Core/Src/main.c Core/Inc/main.h Drivers/STM32L0xx_HAL_Driver/Inc/stm32l0xx_ll_adc.h Drivers/CMSIS/Device/ST/STM32L0xx/Include/stm32l0xx.h Drivers/CMSIS/Device/ST/STM32L0xx/Include/stm32l051xx.h Drivers/CMSIS/Include/core_cm0plus.h Drivers/CMSIS/Include/cmsis_version.h Drivers/CMSIS/Include/cmsis_compiler.h Drivers/CMSIS/Include/cmsis_gcc.h Drivers/CMSIS/Include/mpu_armv7.h Drivers/CMSIS/Device/ST/STM32L0xx/Include/system_stm32l0xx.h Drivers/STM32L0xx_HAL_Driver/Inc/stm32l0xx_ll_i2c.h Drivers/STM32L0xx_HAL_Driver/Inc/stm32l0xx_ll_crs.h Drivers/STM32L0xx_HAL_Driver/Inc/stm32l0xx_ll_rcc.h Drivers/STM32L0xx_HAL_Driver/Inc/stm32l0xx_ll_bus.h Drivers/STM32L0xx_HAL_Driver/Inc/stm32l0xx_ll_system.h Drivers/STM32L0xx_HAL_Driver/Inc/stm32l0xx_ll_exti.h Drivers/STM32L0xx_HAL_Driver/Inc/stm32l0xx_ll_cortex.h Drivers/STM32L0xx_HAL_Driver/Inc/stm32l0xx_ll_utils.h Drivers/STM32L0xx_HAL_Driver/Inc/stm32l0xx_ll_pwr.h Drivers/STM32L0xx_HAL_Driver/Inc/stm32l0xx_ll_dma.h Drivers/STM32L0xx_HAL_Driver/Inc/stm32l0xx_ll_rtc.h Drivers/STM32L0xx_HAL_Driver/Inc/stm32l0xx_ll_spi.h Drivers/STM32L0xx_HAL_Driver/Inc/stm32l0xx_ll_usart.h Drivers/STM32L0xx_HAL_Driver/Inc/stm32l0xx_ll_gpio.h Core/Inc/rtc.h Core/Inc/main.h Core/Inc/usart.h Core/Inc/gpio.h user/oled/display.h | build
#  Implicit rule search has been done.
#  Implicit/static pattern stem: 'main'
#  Last modified 2022-07-21 10:54:42
#  File has been updated.
#  Successfully updated.
#  recipe to execute (from 'Makefile', line 181):
	$(CC) -c $(CFLAGS) -Wa,-a,-ad,-alms=$(BUILD_DIR)/$(notdir $(<:.c=.lst)) $< -o $@

# Not a target:
Drivers/STM32L0xx_HAL_Driver/Src/stm32l0xx_ll_exti.c:
#  Implicit rule search has been done.
#  Last modified 2021-08-09 19:29:58
#  File has been updated.
#  Successfully updated.

Drivers/CMSIS/Include/cmsis_version.h:
#  Implicit rule search has been done.
#  Last modified 2021-08-09 19:29:40
#  File has been updated.
#  Successfully updated.

# Not a target:
build/stm32l0xx_ll_dma.d:
#  Implicit rule search has been done.
#  Last modified 2022-07-21 10:54:42
#  File has been updated.
#  Successfully updated.

# Not a target:
user/common/common.c:
#  Implicit rule search has not been done.
#  Modification time never checked.
#  File has not been updated.

all: build/stm32l051k8t6_oled.elf build/stm32l051k8t6_oled.hex build/stm32l051k8t6_oled.bin
#  Command line target.
#  Implicit rule search has been done.
#  File does not exist.
#  File has been updated.
#  Needs to be updated (-q is set).
# variable set hash-table stats:
# Load=0/32=0%, Rehash=0, Collisions=0/14=0%

# Not a target:
build/stm32l051k8t6_oled.hex:
#  Implicit rule search has not been done.
#  Modification time never checked.
#  File has not been updated.

Drivers/CMSIS/Include/cmsis_gcc.h:
#  Implicit rule search has been done.
#  Last modified 2021-08-09 19:29:40
#  File has been updated.
#  Successfully updated.

build/usart.o: Core/Src/usart.c Makefile Core/Src/usart.c Core/Inc/usart.h Core/Inc/main.h Drivers/STM32L0xx_HAL_Driver/Inc/stm32l0xx_ll_adc.h Drivers/CMSIS/Device/ST/STM32L0xx/Include/stm32l0xx.h Drivers/CMSIS/Device/ST/STM32L0xx/Include/stm32l051xx.h Drivers/CMSIS/Include/core_cm0plus.h Drivers/CMSIS/Include/cmsis_version.h Drivers/CMSIS/Include/cmsis_compiler.h Drivers/CMSIS/Include/cmsis_gcc.h Drivers/CMSIS/Include/mpu_armv7.h Drivers/CMSIS/Device/ST/STM32L0xx/Include/system_stm32l0xx.h Drivers/STM32L0xx_HAL_Driver/Inc/stm32l0xx_ll_i2c.h Drivers/STM32L0xx_HAL_Driver/Inc/stm32l0xx_ll_crs.h Drivers/STM32L0xx_HAL_Driver/Inc/stm32l0xx_ll_rcc.h Drivers/STM32L0xx_HAL_Driver/Inc/stm32l0xx_ll_bus.h Drivers/STM32L0xx_HAL_Driver/Inc/stm32l0xx_ll_system.h Drivers/STM32L0xx_HAL_Driver/Inc/stm32l0xx_ll_exti.h Drivers/STM32L0xx_HAL_Driver/Inc/stm32l0xx_ll_cortex.h Drivers/STM32L0xx_HAL_Driver/Inc/stm32l0xx_ll_utils.h Drivers/STM32L0xx_HAL_Driver/Inc/stm32l0xx_ll_pwr.h Drivers/STM32L0xx_HAL_Driver/Inc/stm32l0xx_ll_dma.h Drivers/STM32L0xx_HAL_Driver/Inc/stm32l0xx_ll_rtc.h Drivers/STM32L0xx_HAL_Driver/Inc/stm32l0xx_ll_spi.h Drivers/STM32L0xx_HAL_Driver/Inc/stm32l0xx_ll_usart.h Drivers/STM32L0xx_HAL_Driver/Inc/stm32l0xx_ll_gpio.h | build
#  Implicit rule search has been done.
#  Implicit/static pattern stem: 'usart'
#  Last modified 2022-07-21 10:54:42
#  File has been updated.
#  Successfully updated.
#  recipe to execute (from 'Makefile', line 181):
	$(CC) -c $(CFLAGS) -Wa,-a,-ad,-alms=$(BUILD_DIR)/$(notdir $(<:.c=.lst)) $< -o $@

user/common/trace.h:
#  Implicit rule search has been done.
#  Last modified 2022-07-19 16:32:19
#  File has been updated.
#  Successfully updated.

user/oled/ssd1306.h:
#  Implicit rule search has not been done.
#  Modification time never checked.
#  File has not been updated.

build/stm32l0xx_ll_adc.o: Drivers/STM32L0xx_HAL_Driver/Src/stm32l0xx_ll_adc.c Makefile Drivers/STM32L0xx_HAL_Driver/Src/stm32l0xx_ll_adc.c Drivers/STM32L0xx_HAL_Driver/Inc/stm32l0xx_ll_adc.h Drivers/CMSIS/Device/ST/STM32L0xx/Include/stm32l0xx.h Drivers/CMSIS/Device/ST/STM32L0xx/Include/stm32l051xx.h Drivers/CMSIS/Include/core_cm0plus.h Drivers/CMSIS/Include/cmsis_version.h Drivers/CMSIS/Include/cmsis_compiler.h Drivers/CMSIS/Include/cmsis_gcc.h Drivers/CMSIS/Include/mpu_armv7.h Drivers/CMSIS/Device/ST/STM32L0xx/Include/system_stm32l0xx.h Drivers/STM32L0xx_HAL_Driver/Inc/stm32l0xx_ll_bus.h | build
#  Implicit rule search has been done.
#  Implicit/static pattern stem: 'stm32l0xx_ll_adc'
#  Last modified 2022-07-21 10:54:43
#  File has been updated.
#  Successfully updated.
#  recipe to execute (from 'Makefile', line 181):
	$(CC) -c $(CFLAGS) -Wa,-a,-ad,-alms=$(BUILD_DIR)/$(notdir $(<:.c=.lst)) $< -o $@

Drivers/STM32L0xx_HAL_Driver/Inc/stm32l0xx_ll_usart.h:
#  Implicit rule search has been done.
#  Last modified 2021-08-09 19:29:58
#  File has been updated.
#  Successfully updated.

# Not a target:
build/startup_stm32l051xx.o:
#  Implicit rule search has not been done.
#  Modification time never checked.
#  File has not been updated.

Drivers/STM32L0xx_HAL_Driver/Inc/stm32l0xx_ll_i2c.h:
#  Implicit rule search has been done.
#  Last modified 2021-08-09 19:29:58
#  File has been updated.
#  Successfully updated.

build/rtc.o: Core/Src/rtc.c Makefile Core/Src/rtc.c Core/Inc/rtc.h Core/Inc/main.h Drivers/STM32L0xx_HAL_Driver/Inc/stm32l0xx_ll_adc.h Drivers/CMSIS/Device/ST/STM32L0xx/Include/stm32l0xx.h Drivers/CMSIS/Device/ST/STM32L0xx/Include/stm32l051xx.h Drivers/CMSIS/Include/core_cm0plus.h Drivers/CMSIS/Include/cmsis_version.h Drivers/CMSIS/Include/cmsis_compiler.h Drivers/CMSIS/Include/cmsis_gcc.h Drivers/CMSIS/Include/mpu_armv7.h Drivers/CMSIS/Device/ST/STM32L0xx/Include/system_stm32l0xx.h Drivers/STM32L0xx_HAL_Driver/Inc/stm32l0xx_ll_i2c.h Drivers/STM32L0xx_HAL_Driver/Inc/stm32l0xx_ll_crs.h Drivers/STM32L0xx_HAL_Driver/Inc/stm32l0xx_ll_rcc.h Drivers/STM32L0xx_HAL_Driver/Inc/stm32l0xx_ll_bus.h Drivers/STM32L0xx_HAL_Driver/Inc/stm32l0xx_ll_system.h Drivers/STM32L0xx_HAL_Driver/Inc/stm32l0xx_ll_exti.h Drivers/STM32L0xx_HAL_Driver/Inc/stm32l0xx_ll_cortex.h Drivers/STM32L0xx_HAL_Driver/Inc/stm32l0xx_ll_utils.h Drivers/STM32L0xx_HAL_Driver/Inc/stm32l0xx_ll_pwr.h Drivers/STM32L0xx_HAL_Driver/Inc/stm32l0xx_ll_dma.h Drivers/STM32L0xx_HAL_Driver/Inc/stm32l0xx_ll_rtc.h Drivers/STM32L0xx_HAL_Driver/Inc/stm32l0xx_ll_spi.h Drivers/STM32L0xx_HAL_Driver/Inc/stm32l0xx_ll_usart.h Drivers/STM32L0xx_HAL_Driver/Inc/stm32l0xx_ll_gpio.h | build
#  Implicit rule search has been done.
#  Implicit/static pattern stem: 'rtc'
#  Last modified 2022-07-21 10:54:42
#  File has been updated.
#  Successfully updated.
#  recipe to execute (from 'Makefile', line 181):
	$(CC) -c $(CFLAGS) -Wa,-a,-ad,-alms=$(BUILD_DIR)/$(notdir $(<:.c=.lst)) $< -o $@

build/stm32l0xx_ll_pwr.o: Drivers/STM32L0xx_HAL_Driver/Src/stm32l0xx_ll_pwr.c Makefile Drivers/STM32L0xx_HAL_Driver/Src/stm32l0xx_ll_pwr.c Drivers/STM32L0xx_HAL_Driver/Inc/stm32l0xx_ll_pwr.h Drivers/CMSIS/Device/ST/STM32L0xx/Include/stm32l0xx.h Drivers/CMSIS/Device/ST/STM32L0xx/Include/stm32l051xx.h Drivers/CMSIS/Include/core_cm0plus.h Drivers/CMSIS/Include/cmsis_version.h Drivers/CMSIS/Include/cmsis_compiler.h Drivers/CMSIS/Include/cmsis_gcc.h Drivers/CMSIS/Include/mpu_armv7.h Drivers/CMSIS/Device/ST/STM32L0xx/Include/system_stm32l0xx.h Drivers/STM32L0xx_HAL_Driver/Inc/stm32l0xx_ll_bus.h | build
#  Implicit rule search has been done.
#  Implicit/static pattern stem: 'stm32l0xx_ll_pwr'
#  Last modified 2022-07-21 10:54:43
#  File has been updated.
#  Successfully updated.
#  recipe to execute (from 'Makefile', line 181):
	$(CC) -c $(CFLAGS) -Wa,-a,-ad,-alms=$(BUILD_DIR)/$(notdir $(<:.c=.lst)) $< -o $@

user/common/common.h:
#  Implicit rule search has been done.
#  Last modified 2022-07-15 22:33:51
#  File has been updated.
#  Successfully updated.

# Not a target:
build/stm32l0xx_ll_spi.d:
#  Implicit rule search has been done.
#  Last modified 2022-07-21 10:54:43
#  File has been updated.
#  Successfully updated.

# Not a target:
Drivers/STM32L0xx_HAL_Driver/Src/stm32l0xx_ll_usart.c:
#  Implicit rule search has been done.
#  Last modified 2021-08-09 19:29:58
#  File has been updated.
#  Successfully updated.

Drivers/STM32L0xx_HAL_Driver/Inc/stm32l0xx_ll_bus.h:
#  Implicit rule search has been done.
#  Last modified 2021-08-09 19:29:58
#  File has been updated.
#  Successfully updated.

Core/Inc/i2c.h:
#  Implicit rule search has been done.
#  Last modified 2022-07-07 20:03:48
#  File has been updated.
#  Successfully updated.

# Not a target:
Makefile:
#  Implicit rule search has been done.
#  Last modified 2022-07-21 10:52:47
#  File has been updated.
#  Successfully updated.

# Not a target:
Drivers/STM32L0xx_HAL_Driver/Src/stm32l0xx_ll_i2c.c:
#  Implicit rule search has been done.
#  Last modified 2021-08-09 19:29:58
#  File has been updated.
#  Successfully updated.

Drivers/CMSIS/Include/cmsis_compiler.h:
#  Implicit rule search has been done.
#  Last modified 2021-08-09 19:29:40
#  File has been updated.
#  Successfully updated.

build/system_stm32l0xx.o: Core/Src/system_stm32l0xx.c Makefile Core/Src/system_stm32l0xx.c Drivers/CMSIS/Device/ST/STM32L0xx/Include/stm32l0xx.h Drivers/CMSIS/Device/ST/STM32L0xx/Include/stm32l051xx.h Drivers/CMSIS/Include/core_cm0plus.h Drivers/CMSIS/Include/cmsis_version.h Drivers/CMSIS/Include/cmsis_compiler.h Drivers/CMSIS/Include/cmsis_gcc.h Drivers/CMSIS/Include/mpu_armv7.h Drivers/CMSIS/Device/ST/STM32L0xx/Include/system_stm32l0xx.h | build
#  Implicit rule search has been done.
#  Implicit/static pattern stem: 'system_stm32l0xx'
#  Last modified 2022-07-21 10:54:43
#  File has been updated.
#  Successfully updated.
#  recipe to execute (from 'Makefile', line 181):
	$(CC) -c $(CFLAGS) -Wa,-a,-ad,-alms=$(BUILD_DIR)/$(notdir $(<:.c=.lst)) $< -o $@

build/stm32l051k8t6_oled.elf: build/main.o build/gpio.o build/adc.o build/i2c.o build/rtc.o build/spi.o build/usart.o build/stm32l0xx_it.o build/stm32l0xx_ll_gpio.o build/stm32l0xx_ll_adc.o build/stm32l0xx_ll_dma.o build/stm32l0xx_ll_rcc.o build/stm32l0xx_ll_utils.o build/stm32l0xx_ll_exti.o build/stm32l0xx_ll_i2c.o build/stm32l0xx_ll_rtc.o build/stm32l0xx_ll_spi.o build/stm32l0xx_ll_pwr.o build/stm32l0xx_ll_usart.o build/system_stm32l0xx.o build/clock.o build/common.o build/display.o build/fonts.o build/ssd1306_iic_hw.o build/ssd1306_iic_sw.o build/ssd1306.o build/startup_stm32l051xx.o Makefile
#  Implicit rule search has not been done.
#  File does not exist.
#  File has been updated.
#  Needs to be updated (-q is set).
# variable set hash-table stats:
# Load=0/32=0%, Rehash=0, Collisions=0/14=0%
#  recipe to execute (from 'Makefile', line 187):
	$(CC) $(OBJECTS) $(LDFLAGS) -o $@
	$(SZ) $@

# Not a target:
build/clock.d:
#  Implicit rule search has been done.
#  Last modified 2022-07-21 10:54:44
#  File has been updated.
#  Successfully updated.

build/stm32l0xx_ll_utils.o: Drivers/STM32L0xx_HAL_Driver/Src/stm32l0xx_ll_utils.c Makefile Drivers/STM32L0xx_HAL_Driver/Src/stm32l0xx_ll_utils.c Drivers/STM32L0xx_HAL_Driver/Inc/stm32l0xx_ll_rcc.h Drivers/CMSIS/Device/ST/STM32L0xx/Include/stm32l0xx.h Drivers/CMSIS/Device/ST/STM32L0xx/Include/stm32l051xx.h Drivers/CMSIS/Include/core_cm0plus.h Drivers/CMSIS/Include/cmsis_version.h Drivers/CMSIS/Include/cmsis_compiler.h Drivers/CMSIS/Include/cmsis_gcc.h Drivers/CMSIS/Include/mpu_armv7.h Drivers/CMSIS/Device/ST/STM32L0xx/Include/system_stm32l0xx.h Drivers/STM32L0xx_HAL_Driver/Inc/stm32l0xx_ll_utils.h Drivers/STM32L0xx_HAL_Driver/Inc/stm32l0xx_ll_system.h Drivers/STM32L0xx_HAL_Driver/Inc/stm32l0xx_ll_pwr.h | build
#  Implicit rule search has been done.
#  Implicit/static pattern stem: 'stm32l0xx_ll_utils'
#  Last modified 2022-07-21 10:54:43
#  File has been updated.
#  Successfully updated.
#  recipe to execute (from 'Makefile', line 181):
	$(CC) -c $(CFLAGS) -Wa,-a,-ad,-alms=$(BUILD_DIR)/$(notdir $(<:.c=.lst)) $< -o $@

# Not a target:
build/ssd1306_iic_hw.d:
#  Implicit rule search has been done.
#  Last modified 2022-07-21 10:54:44
#  File has been updated.
#  Successfully updated.

build/gpio.o: Core/Src/gpio.c Makefile Core/Src/gpio.c Core/Inc/gpio.h Core/Inc/main.h Drivers/STM32L0xx_HAL_Driver/Inc/stm32l0xx_ll_adc.h Drivers/CMSIS/Device/ST/STM32L0xx/Include/stm32l0xx.h Drivers/CMSIS/Device/ST/STM32L0xx/Include/stm32l051xx.h Drivers/CMSIS/Include/core_cm0plus.h Drivers/CMSIS/Include/cmsis_version.h Drivers/CMSIS/Include/cmsis_compiler.h Drivers/CMSIS/Include/cmsis_gcc.h Drivers/CMSIS/Include/mpu_armv7.h Drivers/CMSIS/Device/ST/STM32L0xx/Include/system_stm32l0xx.h Drivers/STM32L0xx_HAL_Driver/Inc/stm32l0xx_ll_i2c.h Drivers/STM32L0xx_HAL_Driver/Inc/stm32l0xx_ll_crs.h Drivers/STM32L0xx_HAL_Driver/Inc/stm32l0xx_ll_rcc.h Drivers/STM32L0xx_HAL_Driver/Inc/stm32l0xx_ll_bus.h Drivers/STM32L0xx_HAL_Driver/Inc/stm32l0xx_ll_system.h Drivers/STM32L0xx_HAL_Driver/Inc/stm32l0xx_ll_exti.h Drivers/STM32L0xx_HAL_Driver/Inc/stm32l0xx_ll_cortex.h Drivers/STM32L0xx_HAL_Driver/Inc/stm32l0xx_ll_utils.h Drivers/STM32L0xx_HAL_Driver/Inc/stm32l0xx_ll_pwr.h Drivers/STM32L0xx_HAL_Driver/Inc/stm32l0xx_ll_dma.h Drivers/STM32L0xx_HAL_Driver/Inc/stm32l0xx_ll_rtc.h Drivers/STM32L0xx_HAL_Driver/Inc/stm32l0xx_ll_spi.h Drivers/STM32L0xx_HAL_Driver/Inc/stm32l0xx_ll_usart.h Drivers/STM32L0xx_HAL_Driver/Inc/stm32l0xx_ll_gpio.h | build
#  Implicit rule search has been done.
#  Implicit/static pattern stem: 'gpio'
#  Last modified 2022-07-21 10:54:42
#  File has been updated.
#  Successfully updated.
#  recipe to execute (from 'Makefile', line 181):
	$(CC) -c $(CFLAGS) -Wa,-a,-ad,-alms=$(BUILD_DIR)/$(notdir $(<:.c=.lst)) $< -o $@

# Not a target:
Core/Src/i2c.c:
#  Implicit rule search has been done.
#  Last modified 2022-07-07 20:03:48
#  File has been updated.
#  Successfully updated.

Core/Inc/adc.h:
#  Implicit rule search has been done.
#  Last modified 2022-07-07 20:03:48
#  File has been updated.
#  Successfully updated.

build:
#  Implicit rule search has not been done.
#  Last modified 2022-07-21 10:54:44
#  File has been updated.
#  Successfully updated.
#  recipe to execute (from 'Makefile', line 197):
	mkdir $@

# Not a target:
build/stm32l0xx_ll_gpio.d:
#  Implicit rule search has been done.
#  Last modified 2022-07-21 10:54:42
#  File has been updated.
#  Successfully updated.

# Not a target:
build/i2c.d:
#  Implicit rule search has been done.
#  Last modified 2022-07-21 10:54:42
#  File has been updated.
#  Successfully updated.

build/stm32l0xx_ll_dma.o: Drivers/STM32L0xx_HAL_Driver/Src/stm32l0xx_ll_dma.c Makefile Drivers/STM32L0xx_HAL_Driver/Src/stm32l0xx_ll_dma.c Drivers/STM32L0xx_HAL_Driver/Inc/stm32l0xx_ll_dma.h Drivers/CMSIS/Device/ST/STM32L0xx/Include/stm32l0xx.h Drivers/CMSIS/Device/ST/STM32L0xx/Include/stm32l051xx.h Drivers/CMSIS/Include/core_cm0plus.h Drivers/CMSIS/Include/cmsis_version.h Drivers/CMSIS/Include/cmsis_compiler.h Drivers/CMSIS/Include/cmsis_gcc.h Drivers/CMSIS/Include/mpu_armv7.h Drivers/CMSIS/Device/ST/STM32L0xx/Include/system_stm32l0xx.h Drivers/STM32L0xx_HAL_Driver/Inc/stm32l0xx_ll_bus.h | build
#  Implicit rule search has been done.
#  Implicit/static pattern stem: 'stm32l0xx_ll_dma'
#  Last modified 2022-07-21 10:54:43
#  File has been updated.
#  Successfully updated.
#  recipe to execute (from 'Makefile', line 181):
	$(CC) -c $(CFLAGS) -Wa,-a,-ad,-alms=$(BUILD_DIR)/$(notdir $(<:.c=.lst)) $< -o $@

Drivers/STM32L0xx_HAL_Driver/Inc/stm32l0xx_ll_adc.h:
#  Implicit rule search has been done.
#  Last modified 2021-08-09 19:29:58
#  File has been updated.
#  Successfully updated.

Core/Inc/stm32l0xx_it.h:
#  Implicit rule search has been done.
#  Last modified 2022-07-07 21:17:32
#  File has been updated.
#  Successfully updated.

# Not a target:
build/stm32l0xx_ll_rcc.d:
#  Implicit rule search has been done.
#  Last modified 2022-07-21 10:54:43
#  File has been updated.
#  Successfully updated.

# Not a target:
Core/Src/adc.c:
#  Implicit rule search has been done.
#  Last modified 2022-07-07 20:03:47
#  File has been updated.
#  Successfully updated.

# Not a target:
build/common.d:
#  Implicit rule search has been done.
#  Last modified 2022-07-21 10:54:44
#  File has been updated.
#  Successfully updated.

Core/Inc/spi.h:
#  Implicit rule search has been done.
#  Last modified 2022-07-07 20:03:49
#  File has been updated.
#  Successfully updated.

# Not a target:
build/display.d:
#  Implicit rule search has been done.
#  Last modified 2022-07-21 10:54:44
#  File has been updated.
#  Successfully updated.

# Not a target:
build/stm32l0xx_ll_rtc.d:
#  Implicit rule search has been done.
#  Last modified 2022-07-21 10:54:43
#  File has been updated.
#  Successfully updated.

# Not a target:
build/adc.d:
#  Implicit rule search has been done.
#  Last modified 2022-07-21 10:54:42
#  File has been updated.
#  Successfully updated.

Drivers/STM32L0xx_HAL_Driver/Inc/stm32l0xx_ll_pwr.h:
#  Implicit rule search has been done.
#  Last modified 2021-08-09 19:29:58
#  File has been updated.
#  Successfully updated.

# Not a target:
Core/Src/main.c:
#  Implicit rule search has been done.
#  Last modified 2022-07-21 10:28:09
#  File has been updated.
#  Successfully updated.

# Not a target:
Drivers/STM32L0xx_HAL_Driver/Src/stm32l0xx_ll_adc.c:
#  Implicit rule search has been done.
#  Last modified 2021-08-09 19:29:58
#  File has been updated.
#  Successfully updated.

# Not a target:
build/stm32l0xx_ll_exti.d:
#  Implicit rule search has been done.
#  Last modified 2022-07-21 10:54:43
#  File has been updated.
#  Successfully updated.

# Not a target:
Core/Src/stm32l0xx_it.c:
#  Implicit rule search has been done.
#  Last modified 2022-07-08 21:37:23
#  File has been updated.
#  Successfully updated.

# Not a target:
Core/Src/spi.c:
#  Implicit rule search has been done.
#  Last modified 2022-07-07 20:03:48
#  File has been updated.
#  Successfully updated.

Drivers/STM32L0xx_HAL_Driver/Inc/stm32l0xx_ll_system.h:
#  Implicit rule search has been done.
#  Last modified 2021-08-09 19:29:58
#  File has been updated.
#  Successfully updated.

# Not a target:
build/stm32l0xx_it.d:
#  Implicit rule search has been done.
#  Last modified 2022-07-21 10:54:42
#  File has been updated.
#  Successfully updated.

build/stm32l0xx_ll_spi.o: Drivers/STM32L0xx_HAL_Driver/Src/stm32l0xx_ll_spi.c Makefile Drivers/STM32L0xx_HAL_Driver/Src/stm32l0xx_ll_spi.c Drivers/STM32L0xx_HAL_Driver/Inc/stm32l0xx_ll_spi.h Drivers/CMSIS/Device/ST/STM32L0xx/Include/stm32l0xx.h Drivers/CMSIS/Device/ST/STM32L0xx/Include/stm32l051xx.h Drivers/CMSIS/Include/core_cm0plus.h Drivers/CMSIS/Include/cmsis_version.h Drivers/CMSIS/Include/cmsis_compiler.h Drivers/CMSIS/Include/cmsis_gcc.h Drivers/CMSIS/Include/mpu_armv7.h Drivers/CMSIS/Device/ST/STM32L0xx/Include/system_stm32l0xx.h Drivers/STM32L0xx_HAL_Driver/Inc/stm32l0xx_ll_bus.h Drivers/STM32L0xx_HAL_Driver/Inc/stm32l0xx_ll_rcc.h | build
#  Implicit rule search has been done.
#  Implicit/static pattern stem: 'stm32l0xx_ll_spi'
#  Last modified 2022-07-21 10:54:43
#  File has been updated.
#  Successfully updated.
#  recipe to execute (from 'Makefile', line 181):
	$(CC) -c $(CFLAGS) -Wa,-a,-ad,-alms=$(BUILD_DIR)/$(notdir $(<:.c=.lst)) $< -o $@

# Not a target:
Drivers/STM32L0xx_HAL_Driver/Src/stm32l0xx_ll_pwr.c:
#  Implicit rule search has been done.
#  Last modified 2021-08-09 19:29:58
#  File has been updated.
#  Successfully updated.

# Not a target:
build/spi.d:
#  Implicit rule search has been done.
#  Last modified 2022-07-21 10:54:42
#  File has been updated.
#  Successfully updated.

Drivers/STM32L0xx_HAL_Driver/Inc/stm32l0xx_ll_utils.h:
#  Implicit rule search has been done.
#  Last modified 2021-08-09 19:29:58
#  File has been updated.
#  Successfully updated.

# Not a target:
user/oled/ssd1306_iic_hw.c:
#  Implicit rule search has not been done.
#  Modification time never checked.
#  File has not been updated.

# Not a target:
Drivers/STM32L0xx_HAL_Driver/Src/stm32l0xx_ll_spi.c:
#  Implicit rule search has been done.
#  Last modified 2021-08-09 19:29:58
#  File has been updated.
#  Successfully updated.

Drivers/CMSIS/Device/ST/STM32L0xx/Include/stm32l051xx.h:
#  Implicit rule search has been done.
#  Last modified 2021-08-09 19:29:58
#  File has been updated.
#  Successfully updated.

build/clock.o: user/clock/clock.c Makefile user/clock/clock.c user/clock/clock.h Core/Inc/rtc.h Core/Inc/main.h Drivers/STM32L0xx_HAL_Driver/Inc/stm32l0xx_ll_adc.h Drivers/CMSIS/Device/ST/STM32L0xx/Include/stm32l0xx.h Drivers/CMSIS/Device/ST/STM32L0xx/Include/stm32l051xx.h Drivers/CMSIS/Include/core_cm0plus.h Drivers/CMSIS/Include/cmsis_version.h Drivers/CMSIS/Include/cmsis_compiler.h Drivers/CMSIS/Include/cmsis_gcc.h Drivers/CMSIS/Include/mpu_armv7.h Drivers/CMSIS/Device/ST/STM32L0xx/Include/system_stm32l0xx.h Drivers/STM32L0xx_HAL_Driver/Inc/stm32l0xx_ll_i2c.h Drivers/STM32L0xx_HAL_Driver/Inc/stm32l0xx_ll_crs.h Drivers/STM32L0xx_HAL_Driver/Inc/stm32l0xx_ll_rcc.h Drivers/STM32L0xx_HAL_Driver/Inc/stm32l0xx_ll_bus.h Drivers/STM32L0xx_HAL_Driver/Inc/stm32l0xx_ll_system.h Drivers/STM32L0xx_HAL_Driver/Inc/stm32l0xx_ll_exti.h Drivers/STM32L0xx_HAL_Driver/Inc/stm32l0xx_ll_cortex.h Drivers/STM32L0xx_HAL_Driver/Inc/stm32l0xx_ll_utils.h Drivers/STM32L0xx_HAL_Driver/Inc/stm32l0xx_ll_pwr.h Drivers/STM32L0xx_HAL_Driver/Inc/stm32l0xx_ll_dma.h Drivers/STM32L0xx_HAL_Driver/Inc/stm32l0xx_ll_rtc.h Drivers/STM32L0xx_HAL_Driver/Inc/stm32l0xx_ll_spi.h Drivers/STM32L0xx_HAL_Driver/Inc/stm32l0xx_ll_usart.h Drivers/STM32L0xx_HAL_Driver/Inc/stm32l0xx_ll_gpio.h user/common/trace.h | build
#  Implicit rule search has been done.
#  Implicit/static pattern stem: 'clock'
#  File does not exist.
#  File has been updated.
#  Needs to be updated (-q is set).
# automatic
# @ := build/clock.o
# automatic
# % := 
# automatic
# * := clock
# automatic
# + := user/clock/clock.c Makefile user/clock/clock.c user/clock/clock.h Core/Inc/rtc.h Core/Inc/main.h Drivers/STM32L0xx_HAL_Driver/Inc/stm32l0xx_ll_adc.h Drivers/CMSIS/Device/ST/STM32L0xx/Include/stm32l0xx.h Drivers/CMSIS/Device/ST/STM32L0xx/Include/stm32l051xx.h Drivers/CMSIS/Include/core_cm0plus.h Drivers/CMSIS/Include/cmsis_version.h Drivers/CMSIS/Include/cmsis_compiler.h Drivers/CMSIS/Include/cmsis_gcc.h Drivers/CMSIS/Include/mpu_armv7.h Drivers/CMSIS/Device/ST/STM32L0xx/Include/system_stm32l0xx.h Drivers/STM32L0xx_HAL_Driver/Inc/stm32l0xx_ll_i2c.h Drivers/STM32L0xx_HAL_Driver/Inc/stm32l0xx_ll_crs.h Drivers/STM32L0xx_HAL_Driver/Inc/stm32l0xx_ll_rcc.h Drivers/STM32L0xx_HAL_Driver/Inc/stm32l0xx_ll_bus.h Drivers/STM32L0xx_HAL_Driver/Inc/stm32l0xx_ll_system.h Drivers/STM32L0xx_HAL_Driver/Inc/stm32l0xx_ll_exti.h Drivers/STM32L0xx_HAL_Driver/Inc/stm32l0xx_ll_cortex.h Drivers/STM32L0xx_HAL_Driver/Inc/stm32l0xx_ll_utils.h Drivers/STM32L0xx_HAL_Driver/Inc/stm32l0xx_ll_pwr.h Drivers/STM32L0xx_HAL_Driver/Inc/stm32l0xx_ll_dma.h Drivers/STM32L0xx_HAL_Driver/Inc/stm32l0xx_ll_rtc.h Drivers/STM32L0xx_HAL_Driver/Inc/stm32l0xx_ll_spi.h Drivers/STM32L0xx_HAL_Driver/Inc/stm32l0xx_ll_usart.h Drivers/STM32L0xx_HAL_Driver/Inc/stm32l0xx_ll_gpio.h user/common/trace.h
# automatic
# | := build
# automatic
# < := user/clock/clock.c
# automatic
# ^ := user/clock/clock.c Makefile user/clock/clock.h Core/Inc/rtc.h Core/Inc/main.h Drivers/STM32L0xx_HAL_Driver/Inc/stm32l0xx_ll_adc.h Drivers/CMSIS/Device/ST/STM32L0xx/Include/stm32l0xx.h Drivers/CMSIS/Device/ST/STM32L0xx/Include/stm32l051xx.h Drivers/CMSIS/Include/core_cm0plus.h Drivers/CMSIS/Include/cmsis_version.h Drivers/CMSIS/Include/cmsis_compiler.h Drivers/CMSIS/Include/cmsis_gcc.h Drivers/CMSIS/Include/mpu_armv7.h Drivers/CMSIS/Device/ST/STM32L0xx/Include/system_stm32l0xx.h Drivers/STM32L0xx_HAL_Driver/Inc/stm32l0xx_ll_i2c.h Drivers/STM32L0xx_HAL_Driver/Inc/stm32l0xx_ll_crs.h Drivers/STM32L0xx_HAL_Driver/Inc/stm32l0xx_ll_rcc.h Drivers/STM32L0xx_HAL_Driver/Inc/stm32l0xx_ll_bus.h Drivers/STM32L0xx_HAL_Driver/Inc/stm32l0xx_ll_system.h Drivers/STM32L0xx_HAL_Driver/Inc/stm32l0xx_ll_exti.h Drivers/STM32L0xx_HAL_Driver/Inc/stm32l0xx_ll_cortex.h Drivers/STM32L0xx_HAL_Driver/Inc/stm32l0xx_ll_utils.h Drivers/STM32L0xx_HAL_Driver/Inc/stm32l0xx_ll_pwr.h Drivers/STM32L0xx_HAL_Driver/Inc/stm32l0xx_ll_dma.h Drivers/STM32L0xx_HAL_Driver/Inc/stm32l0xx_ll_rtc.h Drivers/STM32L0xx_HAL_Driver/Inc/stm32l0xx_ll_spi.h Drivers/STM32L0xx_HAL_Driver/Inc/stm32l0xx_ll_usart.h Drivers/STM32L0xx_HAL_Driver/Inc/stm32l0xx_ll_gpio.h user/common/trace.h
# automatic
# ? := user/clock/clock.c Makefile user/clock/clock.h Core/Inc/rtc.h Core/Inc/main.h Drivers/STM32L0xx_HAL_Driver/Inc/stm32l0xx_ll_adc.h Drivers/CMSIS/Device/ST/STM32L0xx/Include/stm32l0xx.h Drivers/CMSIS/Device/ST/STM32L0xx/Include/stm32l051xx.h Drivers/CMSIS/Include/core_cm0plus.h Drivers/CMSIS/Include/cmsis_version.h Drivers/CMSIS/Include/cmsis_compiler.h Drivers/CMSIS/Include/cmsis_gcc.h Drivers/CMSIS/Include/mpu_armv7.h Drivers/CMSIS/Device/ST/STM32L0xx/Include/system_stm32l0xx.h Drivers/STM32L0xx_HAL_Driver/Inc/stm32l0xx_ll_i2c.h Drivers/STM32L0xx_HAL_Driver/Inc/stm32l0xx_ll_crs.h Drivers/STM32L0xx_HAL_Driver/Inc/stm32l0xx_ll_rcc.h Drivers/STM32L0xx_HAL_Driver/Inc/stm32l0xx_ll_bus.h Drivers/STM32L0xx_HAL_Driver/Inc/stm32l0xx_ll_system.h Drivers/STM32L0xx_HAL_Driver/Inc/stm32l0xx_ll_exti.h Drivers/STM32L0xx_HAL_Driver/Inc/stm32l0xx_ll_cortex.h Drivers/STM32L0xx_HAL_Driver/Inc/stm32l0xx_ll_utils.h Drivers/STM32L0xx_HAL_Driver/Inc/stm32l0xx_ll_pwr.h Drivers/STM32L0xx_HAL_Driver/Inc/stm32l0xx_ll_dma.h Drivers/STM32L0xx_HAL_Driver/Inc/stm32l0xx_ll_rtc.h Drivers/STM32L0xx_HAL_Driver/Inc/stm32l0xx_ll_spi.h Drivers/STM32L0xx_HAL_Driver/Inc/stm32l0xx_ll_usart.h Drivers/STM32L0xx_HAL_Driver/Inc/stm32l0xx_ll_gpio.h user/common/trace.h
# variable set hash-table stats:
# Load=8/32=25%, Rehash=0, Collisions=1/26=4%
#  recipe to execute (from 'Makefile', line 181):
	$(CC) -c $(CFLAGS) -Wa,-a,-ad,-alms=$(BUILD_DIR)/$(notdir $(<:.c=.lst)) $< -o $@

# Not a target:
.DEFAULT:
#  Implicit rule search has not been done.
#  Modification time never checked.
#  File has not been updated.

Drivers/STM32L0xx_HAL_Driver/Inc/stm32l0xx_ll_dma.h:
#  Implicit rule search has been done.
#  Last modified 2021-08-09 19:29:58
#  File has been updated.
#  Successfully updated.

build/ssd1306_iic_hw.o: user/oled/ssd1306_iic_hw.c Core/Inc/main.h Drivers/STM32L0xx_HAL_Driver/Inc/stm32l0xx_ll_adc.h Drivers/CMSIS/Device/ST/STM32L0xx/Include/stm32l0xx.h Drivers/CMSIS/Device/ST/STM32L0xx/Include/stm32l051xx.h Drivers/CMSIS/Include/core_cm0plus.h Drivers/CMSIS/Include/cmsis_version.h Drivers/CMSIS/Include/cmsis_compiler.h Drivers/CMSIS/Include/cmsis_gcc.h Drivers/CMSIS/Include/mpu_armv7.h Drivers/CMSIS/Device/ST/STM32L0xx/Include/system_stm32l0xx.h Drivers/STM32L0xx_HAL_Driver/Inc/stm32l0xx_ll_i2c.h Drivers/STM32L0xx_HAL_Driver/Inc/stm32l0xx_ll_crs.h Drivers/STM32L0xx_HAL_Driver/Inc/stm32l0xx_ll_rcc.h Drivers/STM32L0xx_HAL_Driver/Inc/stm32l0xx_ll_bus.h Drivers/STM32L0xx_HAL_Driver/Inc/stm32l0xx_ll_system.h Drivers/STM32L0xx_HAL_Driver/Inc/stm32l0xx_ll_exti.h Drivers/STM32L0xx_HAL_Driver/Inc/stm32l0xx_ll_cortex.h Drivers/STM32L0xx_HAL_Driver/Inc/stm32l0xx_ll_utils.h Drivers/STM32L0xx_HAL_Driver/Inc/stm32l0xx_ll_pwr.h Drivers/STM32L0xx_HAL_Driver/Inc/stm32l0xx_ll_dma.h Drivers/STM32L0xx_HAL_Driver/Inc/stm32l0xx_ll_rtc.h Drivers/STM32L0xx_HAL_Driver/Inc/stm32l0xx_ll_spi.h Drivers/STM32L0xx_HAL_Driver/Inc/stm32l0xx_ll_usart.h Drivers/STM32L0xx_HAL_Driver/Inc/stm32l0xx_ll_gpio.h
#  Implicit rule search has not been done.
#  Modification time never checked.
#  File has not been updated.

# Not a target:
Drivers/STM32L0xx_HAL_Driver/Src/stm32l0xx_ll_utils.c:
#  Implicit rule search has been done.
#  Last modified 2021-08-09 19:29:58
#  File has been updated.
#  Successfully updated.

# Not a target:
build/fonts.d:
#  Implicit rule search has been done.
#  Last modified 2022-07-21 10:54:44
#  File has been updated.
#  Successfully updated.

build/stm32l0xx_ll_gpio.o: Drivers/STM32L0xx_HAL_Driver/Src/stm32l0xx_ll_gpio.c Makefile Drivers/STM32L0xx_HAL_Driver/Src/stm32l0xx_ll_gpio.c Drivers/STM32L0xx_HAL_Driver/Inc/stm32l0xx_ll_gpio.h Drivers/CMSIS/Device/ST/STM32L0xx/Include/stm32l0xx.h Drivers/CMSIS/Device/ST/STM32L0xx/Include/stm32l051xx.h Drivers/CMSIS/Include/core_cm0plus.h Drivers/CMSIS/Include/cmsis_version.h Drivers/CMSIS/Include/cmsis_compiler.h Drivers/CMSIS/Include/cmsis_gcc.h Drivers/CMSIS/Include/mpu_armv7.h Drivers/CMSIS/Device/ST/STM32L0xx/Include/system_stm32l0xx.h Drivers/STM32L0xx_HAL_Driver/Inc/stm32l0xx_ll_bus.h | build
#  Implicit rule search has been done.
#  Implicit/static pattern stem: 'stm32l0xx_ll_gpio'
#  Last modified 2022-07-21 10:54:43
#  File has been updated.
#  Successfully updated.
#  recipe to execute (from 'Makefile', line 181):
	$(CC) -c $(CFLAGS) -Wa,-a,-ad,-alms=$(BUILD_DIR)/$(notdir $(<:.c=.lst)) $< -o $@

build/i2c.o: Core/Src/i2c.c Makefile Core/Src/i2c.c Core/Inc/i2c.h Core/Inc/main.h Drivers/STM32L0xx_HAL_Driver/Inc/stm32l0xx_ll_adc.h Drivers/CMSIS/Device/ST/STM32L0xx/Include/stm32l0xx.h Drivers/CMSIS/Device/ST/STM32L0xx/Include/stm32l051xx.h Drivers/CMSIS/Include/core_cm0plus.h Drivers/CMSIS/Include/cmsis_version.h Drivers/CMSIS/Include/cmsis_compiler.h Drivers/CMSIS/Include/cmsis_gcc.h Drivers/CMSIS/Include/mpu_armv7.h Drivers/CMSIS/Device/ST/STM32L0xx/Include/system_stm32l0xx.h Drivers/STM32L0xx_HAL_Driver/Inc/stm32l0xx_ll_i2c.h Drivers/STM32L0xx_HAL_Driver/Inc/stm32l0xx_ll_crs.h Drivers/STM32L0xx_HAL_Driver/Inc/stm32l0xx_ll_rcc.h Drivers/STM32L0xx_HAL_Driver/Inc/stm32l0xx_ll_bus.h Drivers/STM32L0xx_HAL_Driver/Inc/stm32l0xx_ll_system.h Drivers/STM32L0xx_HAL_Driver/Inc/stm32l0xx_ll_exti.h Drivers/STM32L0xx_HAL_Driver/Inc/stm32l0xx_ll_cortex.h Drivers/STM32L0xx_HAL_Driver/Inc/stm32l0xx_ll_utils.h Drivers/STM32L0xx_HAL_Driver/Inc/stm32l0xx_ll_pwr.h Drivers/STM32L0xx_HAL_Driver/Inc/stm32l0xx_ll_dma.h Drivers/STM32L0xx_HAL_Driver/Inc/stm32l0xx_ll_rtc.h Drivers/STM32L0xx_HAL_Driver/Inc/stm32l0xx_ll_spi.h Drivers/STM32L0xx_HAL_Driver/Inc/stm32l0xx_ll_usart.h Drivers/STM32L0xx_HAL_Driver/Inc/stm32l0xx_ll_gpio.h | build
#  Implicit rule search has been done.
#  Implicit/static pattern stem: 'i2c'
#  Last modified 2022-07-21 10:54:42
#  File has been updated.
#  Successfully updated.
#  recipe to execute (from 'Makefile', line 181):
	$(CC) -c $(CFLAGS) -Wa,-a,-ad,-alms=$(BUILD_DIR)/$(notdir $(<:.c=.lst)) $< -o $@

Core/Inc/main.h:
#  Implicit rule search has been done.
#  Las 
t modified 2022-07-19 22:42:44
#  File has been updated.
#  Successfully updated.

# Not a target:
build/stm32l0xx_ll_usart.d:
#  Implicit rule search has been done.
#  Last modified 2022-07-21 10:54:43
#  File has been updated.
#  Successfully updated.

Drivers/CMSIS/Include/core_cm0plus.h:
#  Implicit rule search has been done.
#  Last modified 2021-08-09 19:29:40
#  File has been updated.
#  Successfully updated.

clean:
#  Implicit rule search has not been done.
#  Modification time never checked.
#  File has not been updated.
#  recipe to execute (from 'Makefile', line 203):
	-rm -fR $(BUILD_DIR)

# Not a target:
Drivers/STM32L0xx_HAL_Driver/Src/stm32l0xx_ll_dma.c:
#  Implicit rule search has been done.
#  Last modified 2021-08-09 19:29:58
#  File has been updated.
#  Successfully updated.

# Not a target:
build/stm32l0xx_ll_i2c.d:
#  Implicit rule search has been done.
#  Last modified 2022-07-21 10:54:43
#  File has been updated.
#  Successfully updated.

# Not a target:
user/oled/display.c:
#  Implicit rule search has not been done.
#  Modification time never checked.
#  File has not been updated.

# Not a target:
build/ssd1306_iic_sw.d:
#  Implicit rule search has been done.
#  Last modified 2022-07-21 10:54:44
#  File has been updated.
#  Successfully updated.

build/stm32l0xx_ll_rcc.o: Drivers/STM32L0xx_HAL_Driver/Src/stm32l0xx_ll_rcc.c Makefile Drivers/STM32L0xx_HAL_Driver/Src/stm32l0xx_ll_rcc.c Drivers/STM32L0xx_HAL_Driver/Inc/stm32l0xx_ll_rcc.h Drivers/CMSIS/Device/ST/STM32L0xx/Include/stm32l0xx.h Drivers/CMSIS/Device/ST/STM32L0xx/Include/stm32l051xx.h Drivers/CMSIS/Include/core_cm0plus.h Drivers/CMSIS/Include/cmsis_version.h Drivers/CMSIS/Include/cmsis_compiler.h Drivers/CMSIS/Include/cmsis_gcc.h Drivers/CMSIS/Include/mpu_armv7.h Drivers/CMSIS/Device/ST/STM32L0xx/Include/system_stm32l0xx.h | build
#  Implicit rule search has been done.
#  Implicit/static pattern stem: 'stm32l0xx_ll_rcc'
#  Last modified 2022-07-21 10:54:43
#  File has been updated.
#  Successfully updated.
#  recipe to execute (from 'Makefile', line 181):
	$(CC) -c $(CFLAGS) -Wa,-a,-ad,-alms=$(BUILD_DIR)/$(notdir $(<:.c=.lst)) $< -o $@

Core/Inc/usart.h:
#  Implicit rule search has been done.
#  Last modified 2022-07-07 20:03:49
#  File has been updated.
#  Successfully updated.

build/common.o: user/common/common.c user/common/common.h Core/Inc/main.h Drivers/STM32L0xx_HAL_Driver/Inc/stm32l0xx_ll_adc.h Drivers/CMSIS/Device/ST/STM32L0xx/Include/stm32l0xx.h Drivers/CMSIS/Device/ST/STM32L0xx/Include/stm32l051xx.h Drivers/CMSIS/Include/core_cm0plus.h Drivers/CMSIS/Include/cmsis_version.h Drivers/CMSIS/Include/cmsis_compiler.h Drivers/CMSIS/Include/cmsis_gcc.h Drivers/CMSIS/Include/mpu_armv7.h Drivers/CMSIS/Device/ST/STM32L0xx/Include/system_stm32l0xx.h Drivers/STM32L0xx_HAL_Driver/Inc/stm32l0xx_ll_i2c.h Drivers/STM32L0xx_HAL_Driver/Inc/stm32l0xx_ll_crs.h Drivers/STM32L0xx_HAL_Driver/Inc/stm32l0xx_ll_rcc.h Drivers/STM32L0xx_HAL_Driver/Inc/stm32l0xx_ll_bus.h Drivers/STM32L0xx_HAL_Driver/Inc/stm32l0xx_ll_system.h Drivers/STM32L0xx_HAL_Driver/Inc/stm32l0xx_ll_exti.h Drivers/STM32L0xx_HAL_Driver/Inc/stm32l0xx_ll_cortex.h Drivers/STM32L0xx_HAL_Driver/Inc/stm32l0xx_ll_utils.h Drivers/STM32L0xx_HAL_Driver/Inc/stm32l0xx_ll_pwr.h Drivers/STM32L0xx_HAL_Driver/Inc/stm32l0xx_ll_dma.h Drivers/STM32L0xx_HAL_Driver/Inc/stm32l0xx_ll_rtc.h Drivers/STM32L0xx_HAL_Driver/Inc/stm32l0xx_ll_spi.h Drivers/STM32L0xx_HAL_Driver/Inc/stm32l0xx_ll_usart.h Drivers/STM32L0xx_HAL_Driver/Inc/stm32l0xx_ll_gpio.h
#  Implicit rule search has not been done.
#  Modification time never checked.
#  File has not been updated.

# Not a target:
Drivers/STM32L0xx_HAL_Driver/Src/stm32l0xx_ll_rtc.c:
#  Implicit rule search has been done.
#  Last modified 2021-08-09 19:29:58
#  File has been updated.
#  Successfully updated.

build/display.o: user/oled/display.c user/oled/display.h user/oled/ssd1306.h Core/Inc/main.h Drivers/STM32L0xx_HAL_Driver/Inc/stm32l0xx_ll_adc.h Drivers/CMSIS/Device/ST/STM32L0xx/Include/stm32l0xx.h Drivers/CMSIS/Device/ST/STM32L0xx/Include/stm32l051xx.h Drivers/CMSIS/Include/core_cm0plus.h Drivers/CMSIS/Include/cmsis_version.h Drivers/CMSIS/Include/cmsis_compiler.h Drivers/CMSIS/Include/cmsis_gcc.h Drivers/CMSIS/Include/mpu_armv7.h Drivers/CMSIS/Device/ST/STM32L0xx/Include/system_stm32l0xx.h Drivers/STM32L0xx_HAL_Driver/Inc/stm32l0xx_ll_i2c.h Drivers/STM32L0xx_HAL_Driver/Inc/stm32l0xx_ll_crs.h Drivers/STM32L0xx_HAL_Driver/Inc/stm32l0xx_ll_rcc.h Drivers/STM32L0xx_HAL_Driver/Inc/stm32l0xx_ll_bus.h Drivers/STM32L0xx_HAL_Driver/Inc/stm32l0xx_ll_system.h Drivers/STM32L0xx_HAL_Driver/Inc/stm32l0xx_ll_exti.h Drivers/STM32L0xx_HAL_Driver/Inc/stm32l0xx_ll_cortex.h Drivers/STM32L0xx_HAL_Driver/Inc/stm32l0xx_ll_utils.h Drivers/STM32L0xx_HAL_Driver/Inc/stm32l0xx_ll_pwr.h Drivers/STM32L0xx_HAL_Driver/Inc/stm32l0xx_ll_dma.h Drivers/STM32L0xx_HAL_Driver/Inc/stm32l0xx_ll_rtc.h Drivers/STM32L0xx_HAL_Driver/Inc/stm32l0xx_ll_spi.h Drivers/STM32L0xx_HAL_Driver/Inc/stm32l0xx_ll_usart.h Drivers/STM32L0xx_HAL_Driver/Inc/stm32l0xx_ll_gpio.h user/oled/fonts.h user/common/trace.h
#  Implicit rule search has not been done.
#  Modification time never checked.
#  File has not been updated.

build/stm32l0xx_ll_rtc.o: Drivers/STM32L0xx_HAL_Driver/Src/stm32l0xx_ll_rtc.c Makefile Drivers/STM32L0xx_HAL_Driver/Src/stm32l0xx_ll_rtc.c Drivers/STM32L0xx_HAL_Driver/Inc/stm32l0xx_ll_rtc.h Drivers/CMSIS/Device/ST/STM32L0xx/Include/stm32l0xx.h Drivers/CMSIS/Device/ST/STM32L0xx/Include/stm32l051xx.h Drivers/CMSIS/Include/core_cm0plus.h Drivers/CMSIS/Include/cmsis_version.h Drivers/CMSIS/Include/cmsis_compiler.h Drivers/CMSIS/Include/cmsis_gcc.h Drivers/CMSIS/Include/mpu_armv7.h Drivers/CMSIS/Device/ST/STM32L0xx/Include/system_stm32l0xx.h Drivers/STM32L0xx_HAL_Driver/Inc/stm32l0xx_ll_cortex.h | build
#  Implicit rule search has been done.
#  Implicit/static pattern stem: 'stm32l0xx_ll_rtc'
#  Last modified 2022-07-21 10:54:44
#  File has been updated.
#  Successfully updated.
#  recipe to execute (from 'Makefile', line 181):
	$(CC) -c $(CFLAGS) -Wa,-a,-ad,-alms=$(BUILD_DIR)/$(notdir $(<:.c=.lst)) $< -o $@

Drivers/CMSIS/Device/ST/STM32L0xx/Include/stm32l0xx.h:
#  Implicit rule search has been done.
#  Last modified 2021-08-09 19:29:58
#  File has been updated.
#  Successfully updated.

build/adc.o: Core/Src/adc.c Makefile Core/Src/adc.c Core/Inc/adc.h Core/Inc/main.h Drivers/STM32L0xx_HAL_Driver/Inc/stm32l0xx_ll_adc.h Drivers/CMSIS/Device/ST/STM32L0xx/Include/stm32l0xx.h Drivers/CMSIS/Device/ST/STM32L0xx/Include/stm32l051xx.h Drivers/CMSIS/Include/core_cm0plus.h Drivers/CMSIS/Include/cmsis_version.h Drivers/CMSIS/Include/cmsis_compiler.h Drivers/CMSIS/Include/cmsis_gcc.h Drivers/CMSIS/Include/mpu_armv7.h Drivers/CMSIS/Device/ST/STM32L0xx/Include/system_stm32l0xx.h Drivers/STM32L0xx_HAL_Driver/Inc/stm32l0xx_ll_i2c.h Drivers/STM32L0xx_HAL_Driver/Inc/stm32l0xx_ll_crs.h Drivers/STM32L0xx_HAL_Driver/Inc/stm32l0xx_ll_rcc.h Drivers/STM32L0xx_HAL_Driver/Inc/stm32l0xx_ll_bus.h Drivers/STM32L0xx_HAL_Driver/Inc/stm32l0xx_ll_system.h Drivers/STM32L0xx_HAL_Driver/Inc/stm32l0xx_ll_exti.h Drivers/STM32L0xx_HAL_Driver/Inc/stm32l0xx_ll_cortex.h Drivers/STM32L0xx_HAL_Driver/Inc/stm32l0xx_ll_utils.h Drivers/STM32L0xx_HAL_Driver/Inc/stm32l0xx_ll_pwr.h Drivers/STM32L0xx_HAL_Driver/Inc/stm32l0xx_ll_dma.h Drivers/STM32L0xx_HAL_Driver/Inc/stm32l0xx_ll_rtc.h Drivers/STM32L0xx_HAL_Driver/Inc/stm32l0xx_ll_spi.h Drivers/STM32L0xx_HAL_Driver/Inc/stm32l0xx_ll_usart.h Drivers/STM32L0xx_HAL_Driver/Inc/stm32l0xx_ll_gpio.h | build
#  Implicit rule search has been done.
#  Implicit/static pattern stem: 'adc'
#  Last modified 2022-07-21 10:54:42
#  File has been updated.
#  Successfully updated.
#  recipe to execute (from 'Makefile', line 181):
	$(CC) -c $(CFLAGS) -Wa,-a,-ad,-alms=$(BUILD_DIR)/$(notdir $(<:.c=.lst)) $< -o $@

# Not a target:
build/ssd1306.d:
#  Implicit rule search has been done.
#  Last modified 2022-07-21 10:54:44
#  File has been updated.
#  Successfully updated.

Drivers/STM32L0xx_HAL_Driver/Inc/stm32l0xx_ll_spi.h:
#  Implicit rule search has been done.
#  Last modified 2021-08-09 19:29:58
#  File has been updated.
#  Successfully updated.

build/stm32l0xx_ll_exti.o: Drivers/STM32L0xx_HAL_Driver/Src/stm32l0xx_ll_exti.c Makefile Drivers/STM32L0xx_HAL_Driver/Src/stm32l0xx_ll_exti.c Drivers/STM32L0xx_HAL_Driver/Inc/stm32l0xx_ll_exti.h Drivers/CMSIS/Device/ST/STM32L0xx/Include/stm32l0xx.h Drivers/CMSIS/Device/ST/STM32L0xx/Include/stm32l051xx.h Drivers/CMSIS/Include/core_cm0plus.h Drivers/CMSIS/Include/cmsis_version.h Drivers/CMSIS/Include/cmsis_compiler.h Drivers/CMSIS/Include/cmsis_gcc.h Drivers/CMSIS/Include/mpu_armv7.h Drivers/CMSIS/Device/ST/STM32L0xx/Include/system_stm32l0xx.h | build
#  Implicit rule search has been done.
#  Implicit/static pattern stem: 'stm32l0xx_ll_exti'
#  Last modified 2022-07-21 10:54:43
#  File has been updated.
#  Successfully updated.
#  recipe to execute (from 'Makefile', line 181):
	$(CC) -c $(CFLAGS) -Wa,-a,-ad,-alms=$(BUILD_DIR)/$(notdir $(<:.c=.lst)) $< -o $@

# Not a target:
build/main.d:
#  Implicit rule search has been done.
#  Last modified 2022-07-21 10:54:42
#  File has been updated.
#  Successfully updated.

Drivers/CMSIS/Device/ST/STM32L0xx/Include/system_stm32l0xx.h:
#  Implicit rule search has been done.
#  Last modified 2021-08-09 19:29:58
#  File has been updated.
#  Successfully updated.

# Not a target:
Core/Src/usart.c:
#  Implicit rule search has been done.
#  Last modified 2022-07-07 20:03:49
#  File has been updated.
#  Successfully updated.

build/stm32l0xx_it.o: Core/Src/stm32l0xx_it.c Makefile Core/Src/stm32l0xx_it.c Core/Inc/main.h Drivers/STM32L0xx_HAL_Driver/Inc/stm32l0xx_ll_adc.h Drivers/CMSIS/Device/ST/STM32L0xx/Include/stm32l0xx.h Drivers/CMSIS/Device/ST/STM32L0xx/Include/stm32l051xx.h Drivers/CMSIS/Include/core_cm0plus.h Drivers/CMSIS/Include/cmsis_version.h Drivers/CMSIS/Include/cmsis_compiler.h Drivers/CMSIS/Include/cmsis_gcc.h Drivers/CMSIS/Include/mpu_armv7.h Drivers/CMSIS/Device/ST/STM32L0xx/Include/system_stm32l0xx.h Drivers/STM32L0xx_HAL_Driver/Inc/stm32l0xx_ll_i2c.h Drivers/STM32L0xx_HAL_Driver/Inc/stm32l0xx_ll_crs.h Drivers/STM32L0xx_HAL_Driver/Inc/stm32l0xx_ll_rcc.h Drivers/STM32L0xx_HAL_Driver/Inc/stm32l0xx_ll_bus.h Drivers/STM32L0xx_HAL_Driver/Inc/stm32l0xx_ll_system.h Drivers/STM32L0xx_HAL_Driver/Inc/stm32l0xx_ll_exti.h Drivers/STM32L0xx_HAL_Driver/Inc/stm32l0xx_ll_cortex.h Drivers/STM32L0xx_HAL_Driver/Inc/stm32l0xx_ll_utils.h Drivers/STM32L0xx_HAL_Driver/Inc/stm32l0xx_ll_pwr.h Drivers/STM32L0xx_HAL_Driver/Inc/stm32l0xx_ll_dma.h Drivers/STM32L0xx_HAL_Driver/Inc/stm32l0xx_ll_rtc.h Drivers/STM32L0xx_HAL_Driver/Inc/stm32l0xx_ll_spi.h Drivers/STM32L0xx_HAL_Driver/Inc/stm32l0xx_ll_usart.h Drivers/STM32L0xx_HAL_Driver/Inc/stm32l0xx_ll_gpio.h Core/Inc/stm32l0xx_it.h user/common/common.h | build
#  Implicit rule search has been done.
#  Implicit/static pattern stem: 'stm32l0xx_it'
#  Last modified 2022-07-21 10:54:42
#  File has been updated.
#  Successfully updated.
#  recipe to execute (from 'Makefile', line 181):
	$(CC) -c $(CFLAGS) -Wa,-a,-ad,-alms=$(BUILD_DIR)/$(notdir $(<:.c=.lst)) $< -o $@

# Not a target:
user/clock/clock.c:
#  Implicit rule search has been done.
#  Last modified 2022-07-21 10:51:56
#  File has been updated.
#  Successfully updated.

Core/Inc/rtc.h:
#  Implicit rule search has been done.
#  Last modified 2022-07-07 20:03:48
#  File has been updated.
#  Successfully updated.

# Not a target:
build/usart.d:
#  Implicit rule search has been done.
#  Last modified 2022-07-21 10:54:42
#  File has been updated.
#  Successfully updated.

user/oled/display.h:
#  Implicit rule search has been done.
#  Last modified 2022-07-21 10:25:34
#  File has been updated.
#  Successfully updated.

build/spi.o: Core/Src/spi.c Makefile Core/Src/spi.c Core/Inc/spi.h Core/Inc/main.h Drivers/STM32L0xx_HAL_Driver/Inc/stm32l0xx_ll_adc.h Drivers/CMSIS/Device/ST/STM32L0xx/Include/stm32l0xx.h Drivers/CMSIS/Device/ST/STM32L0xx/Include/stm32l051xx.h Drivers/CMSIS/Include/core_cm0plus.h Drivers/CMSIS/Include/cmsis_version.h Drivers/CMSIS/Include/cmsis_compiler.h Drivers/CMSIS/Include/cmsis_gcc.h Drivers/CMSIS/Include/mpu_armv7.h Drivers/CMSIS/Device/ST/STM32L0xx/Include/system_stm32l0xx.h Drivers/STM32L0xx_HAL_Driver/Inc/stm32l0xx_ll_i2c.h Drivers/STM32L0xx_HAL_Driver/Inc/stm32l0xx_ll_crs.h Drivers/STM32L0xx_HAL_Driver/Inc/stm32l0xx_ll_rcc.h Drivers/STM32L0xx_HAL_Driver/Inc/stm32l0xx_ll_bus.h Drivers/STM32L0xx_HAL_Driver/Inc/stm32l0xx_ll_system.h Drivers/STM32L0xx_HAL_Driver/Inc/stm32l0xx_ll_exti.h Drivers/STM32L0xx_HAL_Driver/Inc/stm32l0xx_ll_cortex.h Drivers/STM32L0xx_HAL_Driver/Inc/stm32l0xx_ll_utils.h Drivers/STM32L0xx_HAL_Driver/Inc/stm32l0xx_ll_pwr.h Drivers/STM32L0xx_HAL_Driver/Inc/stm32l0xx_ll_dma.h Drivers/STM32L0xx_HAL_Driver/Inc/stm32l0xx_ll_rtc.h Drivers/STM32L0xx_HAL_Driver/Inc/stm32l0xx_ll_spi.h Drivers/STM32L0xx_HAL_Driver/Inc/stm32l0xx_ll_usart.h Drivers/STM32L0xx_HAL_Driver/Inc/stm32l0xx_ll_gpio.h | build
#  Implicit rule search has been done.
#  Implicit/static pattern stem: 'spi'
#  Last modified 2022-07-21 10:54:42
#  File has been updated.
#  Successfully updated.
#  recipe to execute (from 'Makefile', line 181):
	$(CC) -c $(CFLAGS) -Wa,-a,-ad,-alms=$(BUILD_DIR)/$(notdir $(<:.c=.lst)) $< -o $@

Drivers/CMSIS/Include/mpu_armv7.h:
#  Implicit rule search has been done.
#  Last modified 2021-08-09 19:29:40
#  File has been updated.
#  Successfully updated.

# Not a target:
build/stm32l0xx_ll_adc.d:
#  Implicit rule search has been done.
#  Last modified 2022-07-21 10:54:43
#  File has been updated.
#  Successfully updated.

# Not a target:
user/oled/fonts.c:
#  Implicit rule search has not been done.
#  Modification time never checked.
#  File has not been updated.

Drivers/STM32L0xx_HAL_Driver/Inc/stm32l0xx_ll_gpio.h:
#  Implicit rule search has been done.
#  Last modified 2021-08-09 19:29:58
#  File has been updated.
#  Successfully updated.

# Not a target:
Core/Src/rtc.c:
#  Implicit rule search has been done.
#  Last modified 2022-07-08 14:53:10
#  File has been updated.
#  Successfully updated.

build/fonts.o: user/oled/fonts.c Core/Inc/main.h Drivers/STM32L0xx_HAL_Driver/Inc/stm32l0xx_ll_adc.h Drivers/CMSIS/Device/ST/STM32L0xx/Include/stm32l0xx.h Drivers/CMSIS/Device/ST/STM32L0xx/Include/stm32l051xx.h Drivers/CMSIS/Include/core_cm0plus.h Drivers/CMSIS/Include/cmsis_version.h Drivers/CMSIS/Include/cmsis_compiler.h Drivers/CMSIS/Include/cmsis_gcc.h Drivers/CMSIS/Include/mpu_armv7.h Drivers/CMSIS/Device/ST/STM32L0xx/Include/system_stm32l0xx.h Drivers/STM32L0xx_HAL_Driver/Inc/stm32l0xx_ll_i2c.h Drivers/STM32L0xx_HAL_Driver/Inc/stm32l0xx_ll_crs.h Drivers/STM32L0xx_HAL_Driver/Inc/stm32l0xx_ll_rcc.h Drivers/STM32L0xx_HAL_Driver/Inc/stm32l0xx_ll_bus.h Drivers/STM32L0xx_HAL_Driver/Inc/stm32l0xx_ll_system.h Drivers/STM32L0xx_HAL_Driver/Inc/stm32l0xx_ll_exti.h Drivers/STM32L0xx_HAL_Driver/Inc/stm32l0xx_ll_cortex.h Drivers/STM32L0xx_HAL_Driver/Inc/stm32l0xx_ll_utils.h Drivers/STM32L0xx_HAL_Driver/Inc/stm32l0xx_ll_pwr.h Drivers/STM32L0xx_HAL_Driver/Inc/stm32l0xx_ll_dma.h Drivers/STM32L0xx_HAL_Driver/Inc/stm32l0xx_ll_rtc.h Drivers/STM32L0xx_HAL_Driver/Inc/stm32l0xx_ll_spi.h Drivers/STM32L0xx_HAL_Driver/Inc/stm32l0xx_ll_usart.h Drivers/STM32L0xx_HAL_Driver/Inc/stm32l0xx_ll_gpio.h user/oled/fonts.h
#  Implicit rule search has not been done.
#  Modification time never checked.
#  File has not been updated.

Drivers/STM32L0xx_HAL_Driver/Inc/stm32l0xx_ll_crs.h:
#  Implicit rule search has been done.
#  Last modified 2021-08-09 19:29:58
#  File has been updated.
#  Successfully updated.

Core/Inc/gpio.h:
#  Implicit rule search has been done.
#  Last modified 2022-07-07 20:03:46
#  File has been updated.
#  Successfully updated.

# Not a target:
build/rtc.d:
#  Implicit rule search has been done.
#  Last modified 2022-07-21 10:54:42
#  File has been updated.
#  Successfully updated.

# Not a target:
user/oled/ssd1306_iic_sw.c:
#  Implicit rule search has not been done.
#  Modification time never checked.
#  File has not been updated.

Drivers/STM32L0xx_HAL_Driver/Inc/stm32l0xx_ll_rcc.h:
#  Implicit rule search has been done.
#  Last modified 2021-08-09 19:29:58
#  File has been updated.
#  Successfully updated.

# Not a target:
build/stm32l0xx_ll_pwr.d:
#  Implicit rule search has been done.
#  Last modified 2022-07-21 10:54:43
#  File has been updated.
#  Successfully updated.

build/stm32l0xx_ll_usart.o: Drivers/STM32L0xx_HAL_Driver/Src/stm32l0xx_ll_usart.c Makefile Drivers/STM32L0xx_HAL_Driver/Src/stm32l0xx_ll_usart.c Drivers/STM32L0xx_HAL_Driver/Inc/stm32l0xx_ll_usart.h Drivers/CMSIS/Device/ST/STM32L0xx/Include/stm32l0xx.h Drivers/CMSIS/Device/ST/STM32L0xx/Include/stm32l051xx.h Drivers/CMSIS/Include/core_cm0plus.h Drivers/CMSIS/Include/cmsis_version.h Drivers/CMSIS/Include/cmsis_compiler.h Drivers/CMSIS/Include/cmsis_gcc.h Drivers/CMSIS/Include/mpu_armv7.h Drivers/CMSIS/Device/ST/STM32L0xx/Include/system_stm32l0xx.h Drivers/STM32L0xx_HAL_Driver/Inc/stm32l0xx_ll_rcc.h Drivers/STM32L0xx_HAL_Driver/Inc/stm32l0xx_ll_bus.h | build
#  Implicit rule search has been done.
#  Implicit/static pattern stem: 'stm32l0xx_ll_usart'
#  Last modified 2022-07-21 10:54:43
#  File has been updated.
#  Successfully updated.
#  recipe to execute (from 'Makefile', line 181):
	$(CC) -c $(CFLAGS) -Wa,-a,-ad,-alms=$(BUILD_DIR)/$(notdir $(<:.c=.lst)) $< -o $@

# Not a target:
build/stm32l051k8t6_oled.bin:
#  Implicit rule search has not been done.
#  Modification time never checked.
#  File has not been updated.

# Not a target:
Drivers/STM32L0xx_HAL_Driver/Src/stm32l0xx_ll_gpio.c:
#  Implicit rule search has been done.
#  Last modified 2021-08-09 19:29:58
#  File has been updated.
#  Successfully updated.

# Not a target:
Core/Src/system_stm32l0xx.c:
#  Implicit rule search has been done.
#  Last modified 2021-08-09 19:29:58
#  File has been updated.
#  Successfully updated.

Drivers/STM32L0xx_HAL_Driver/Inc/stm32l0xx_ll_rtc.h:
#  Implicit rule search has been done.
#  Last modified 2021-08-09 19:29:58
#  File has been updated.
#  Successfully updated.

user/oled/ssd1306_iic.h:
#  Implicit rule search has not been done.
#  Modification time never checked.
#  File has not been updated.

user/clock/clock.h:
#  Implicit rule search has been done.
#  Last modified 2022-07-21 10:49:30
#  File has been updated.
#  Successfully updated.

build/stm32l0xx_ll_i2c.o: Drivers/STM32L0xx_HAL_Driver/Src/stm32l0xx_ll_i2c.c Makefile Drivers/STM32L0xx_HAL_Driver/Src/stm32l0xx_ll_i2c.c Drivers/STM32L0xx_HAL_Driver/Inc/stm32l0xx_ll_i2c.h Drivers/CMSIS/Device/ST/STM32L0xx/Include/stm32l0xx.h Drivers/CMSIS/Device/ST/STM32L0xx/Include/stm32l051xx.h Drivers/CMSIS/Include/core_cm0plus.h Drivers/CMSIS/Include/cmsis_version.h Drivers/CMSIS/Include/cmsis_compiler.h Drivers/CMSIS/Include/cmsis_gcc.h Drivers/CMSIS/Include/mpu_armv7.h Drivers/CMSIS/Device/ST/STM32L0xx/Include/system_stm32l0xx.h Drivers/STM32L0xx_HAL_Driver/Inc/stm32l0xx_ll_bus.h | build
#  Implicit rule search has been done.
#  Implicit/static pattern stem: 'stm32l0xx_ll_i2c'
#  Last modified 2022-07-21 10:54:43
#  File has been updated.
#  Successfully updated.
#  recipe to execute (from 'Makefile', line 181):
	$(CC) -c $(CFLAGS) -Wa,-a,-ad,-alms=$(BUILD_DIR)/$(notdir $(<:.c=.lst)) $< -o $@

build/ssd1306_iic_sw.o: user/oled/ssd1306_iic_sw.c Core/Inc/main.h Drivers/STM32L0xx_HAL_Driver/Inc/stm32l0xx_ll_adc.h Drivers/CMSIS/Device/ST/STM32L0xx/Include/stm32l0xx.h Drivers/CMSIS/Device/ST/STM32L0xx/Include/stm32l051xx.h Drivers/CMSIS/Include/core_cm0plus.h Drivers/CMSIS/Include/cmsis_version.h Drivers/CMSIS/Include/cmsis_compiler.h Drivers/CMSIS/Include/cmsis_gcc.h Drivers/CMSIS/Include/mpu_armv7.h Drivers/CMSIS/Device/ST/STM32L0xx/Include/system_stm32l0xx.h Drivers/STM32L0xx_HAL_Driver/Inc/stm32l0xx_ll_i2c.h Drivers/STM32L0xx_HAL_Driver/Inc/stm32l0xx_ll_crs.h Drivers/STM32L0xx_HAL_Driver/Inc/stm32l0xx_ll_rcc.h Drivers/STM32L0xx_HAL_Driver/Inc/stm32l0xx_ll_bus.h Drivers/STM32L0xx_HAL_Driver/Inc/stm32l0xx_ll_system.h Drivers/STM32L0xx_HAL_Driver/Inc/stm32l0xx_ll_exti.h Drivers/STM32L0xx_HAL_Driver/Inc/stm32l0xx_ll_cortex.h Drivers/STM32L0xx_HAL_Driver/Inc/stm32l0xx_ll_utils.h Drivers/STM32L0xx_HAL_Driver/Inc/stm32l0xx_ll_pwr.h Drivers/STM32L0xx_HAL_Driver/Inc/stm32l0xx_ll_dma.h Drivers/STM32L0xx_HAL_Driver/Inc/stm32l0xx_ll_rtc.h Drivers/STM32L0xx_HAL_Driver/Inc/stm32l0xx_ll_spi.h Drivers/STM32L0xx_HAL_Driver/Inc/stm32l0xx_ll_usart.h Drivers/STM32L0xx_HAL_Driver/Inc/stm32l0xx_ll_gpio.h user/oled/ssd1306_iic.h user/common/common.h user/common/trace.h
#  Implicit rule search has not been done.
#  Modification time never checked.
#  File has not been updated.

# Not a target:
build/system_stm32l0xx.d:
#  Implicit rule search has been done.
#  Last modified 2022-07-21 10:54:43
#  File has been updated.
#  Successfully updated.

# files hash-table stats:
# Load=129/1024=13%, Rehash=0, Collisions=151/1590=9%
# VPATH Search Paths

vpath %.c Core/Src;Drivers/STM32L0xx_HAL_Driver/Src;user/clock;user/common;user/oled

# 1 'vpath' search paths.

# No general ('VPATH' variable) search path.

# strcache buffers: 1 (0) / strings = 274 / storage = 5520 B / avg = 20 B
# current buf: size = 8162 B / used = 5520 B / count = 274 / avg = 20 B

# strcache performance: lookups = 2040 / hit rate = 86%
# hash-table stats:
# Load=274/8192=3%, Rehash=0, Collisions=9/2040=0%
# Finished Make data base on Thu Jul 21 10:55:09 2022

 
